=== RUN   TestSimpleDone
--- PASS: TestSimpleDone (0.38s)
=== RUN   TestSimpleWaitDone
--- PASS: TestSimpleWaitDone (3.01s)
=== RUN   TestAddRequests
--- PASS: TestAddRequests (20.26s)
=== RUN   TestSimpleAddRequest
--- PASS: TestSimpleAddRequest (1.00s)
=== RUN   TestSimpleContainsRequest
--- PASS: TestSimpleContainsRequest (6.28s)
=== RUN   TestAddWithContainsRequest
--- PASS: TestAddWithContainsRequest (12.29s)
=== RUN   TestSimpleFeedRequest
--- PASS: TestSimpleFeedRequest (0.26s)
=== RUN   TestSimpleAddAndFeedRequest
--- PASS: TestSimpleAddAndFeedRequest (0.26s)
=== RUN   TestSimpleRemoveRequest
--- PASS: TestSimpleRemoveRequest (6.26s)
=== RUN   TestAllRequestsXtraSmall
--- PASS: TestAllRequestsXtraSmall (0.25s)
=== RUN   TestAllRequestsSmall
--- PASS: TestAllRequestsSmall (0.27s)
=== RUN   TestAllRequestsMedium
--- PASS: TestAllRequestsMedium (0.80s)
=== RUN   TestAllRequestsLarge
--- PASS: TestAllRequestsLarge (3.29s)
=== RUN   TestAllRequestsXtraLarge
--- PASS: TestAllRequestsXtraLarge (32.15s)
PASS
ok  	proj1/twitter	86.761s
