=== RUN   TestSimpleDone
--- PASS: TestSimpleDone (0.34s)
=== RUN   TestSimpleWaitDone
--- PASS: TestSimpleWaitDone (3.01s)
=== RUN   TestAddRequests
--- PASS: TestAddRequests (20.26s)
=== RUN   TestSimpleAddRequest
--- PASS: TestSimpleAddRequest (1.00s)
=== RUN   TestSimpleContainsRequest
--- PASS: TestSimpleContainsRequest (6.27s)
=== RUN   TestAddWithContainsRequest
--- PASS: TestAddWithContainsRequest (12.31s)
=== RUN   TestSimpleFeedRequest
--- PASS: TestSimpleFeedRequest (0.28s)
=== RUN   TestSimpleAddAndFeedRequest
--- PASS: TestSimpleAddAndFeedRequest (0.27s)
=== RUN   TestSimpleRemoveRequest
--- PASS: TestSimpleRemoveRequest (6.27s)
=== RUN   TestAllRequestsXtraSmall
--- PASS: TestAllRequestsXtraSmall (0.27s)
=== RUN   TestAllRequestsSmall
--- PASS: TestAllRequestsSmall (0.27s)
=== RUN   TestAllRequestsMedium
--- PASS: TestAllRequestsMedium (0.81s)
=== RUN   TestAllRequestsLarge
--- PASS: TestAllRequestsLarge (3.32s)
=== RUN   TestAllRequestsXtraLarge
--- PASS: TestAllRequestsXtraLarge (33.91s)
PASS
ok  	proj1/twitter	88.612s
